  marathon.cpp
C:\Users\rudnf\source\repos\Algorithm_Assignment11\Algorithm_Assignment11\marathon.cpp(42,21): warning C4018: '<': signed 또는 unsigned가 일치하지 않습니다.
C:\Users\rudnf\source\repos\Algorithm_Assignment11\Algorithm_Assignment11\marathon.cpp(59,24): warning C4018: '<': signed 또는 unsigned가 일치하지 않습니다.
  sample1.cpp
C:\Users\rudnf\source\repos\Algorithm_Assignment11\Algorithm_Assignment11\sample1.cpp(77,15): warning C4477: 'scanf' : 서식 문자열 '%c'에 'char *' 형식의 인수가 필요하지만 variadic 인수 1의 형식이 'int *'입니다.
C:\Users\rudnf\source\repos\Algorithm_Assignment11\Algorithm_Assignment11\sample1.cpp(77,15): warning C4477: 'scanf' : 서식 문자열 '%c'에 'char *' 형식의 인수가 필요하지만 variadic 인수 2의 형식이 'int *'입니다.
C:\Users\rudnf\source\repos\Algorithm_Assignment11\Algorithm_Assignment11\sample1.cpp(75,5): error C4996: 'scanf': This function or variable may be unsafe. Consider using scanf_s instead. To disable deprecation, use _CRT_SECURE_NO_WARNINGS. See online help for details.
C:\Users\rudnf\source\repos\Algorithm_Assignment11\Algorithm_Assignment11\sample1.cpp(77,9): error C4996: 'scanf': This function or variable may be unsafe. Consider using scanf_s instead. To disable deprecation, use _CRT_SECURE_NO_WARNINGS. See online help for details.
  sample2.cpp
  sample3.cpp
C:\Users\rudnf\source\repos\Algorithm_Assignment11\Algorithm_Assignment11\sample3.cpp(1,9): warning C4068: 알 수 없는 pragma 'GCC'
C:\Users\rudnf\source\repos\Algorithm_Assignment11\Algorithm_Assignment11\sample3.cpp(2,9): warning C4068: 알 수 없는 pragma 'GCC'
C:\Users\rudnf\source\repos\Algorithm_Assignment11\Algorithm_Assignment11\sample3.cpp(3,9): warning C4068: 알 수 없는 pragma 'GCC'
C:\Users\rudnf\source\repos\Algorithm_Assignment11\Algorithm_Assignment11\sample3.cpp(49,23): warning C4018: '<': signed 또는 unsigned가 일치하지 않습니다.
  sample4.cpp
C:\Users\rudnf\source\repos\Algorithm_Assignment11\Algorithm_Assignment11\sample4.cpp(80,27): warning C4018: '<': signed 또는 unsigned가 일치하지 않습니다.
  sample5.cpp
C:\Users\rudnf\source\repos\Algorithm_Assignment11\Algorithm_Assignment11\sample5.cpp(12,23): warning C4018: '<': signed 또는 unsigned가 일치하지 않습니다.
C:\Users\rudnf\source\repos\Algorithm_Assignment11\Algorithm_Assignment11\sample5.cpp(44,27): warning C4805: '==': 연산에 'int' 형식과 'bool' 형식을 함께 사용하는 것은 안전하지 않습니다.
  코드를 생성하고 있습니다...
C:\Users\rudnf\source\repos\Algorithm_Assignment11\Algorithm_Assignment11\sample5.cpp(15): warning C4715: 'comp': 모든 제어 경로에서 값을 반환하지는 않습니다.
